<?xml version="1.0" encoding="UTF-8"?>
<testng-results ignored="0" total="25" passed="25" failed="0" skipped="0">
  <reporter-output>
  </reporter-output>
  <suite started-at="2020-10-14T00:32:51Z" name="EmployeesRestAPISuite" finished-at="2020-10-14T00:33:14Z" duration-ms="22988">
    <groups>
    </groups>
    <test started-at="2020-10-14T00:32:51Z" name="EmployeesRestAPITest" finished-at="2020-10-14T00:33:14Z" duration-ms="22988">
      <class name="com.employeeapi.testCases.TC003_Post_Employee_Record">
        <test-method is-config="true" signature="setup()[pri:0, instance:com.employeeapi.testCases.TC003_Post_Employee_Record@71c8becc]" started-at="2020-10-14T00:32:59Z" name="setup" finished-at="2020-10-14T00:32:59Z" duration-ms="1" status="PASS">
          <reporter-output>
          </reporter-output>
        </test-method> <!-- setup -->
        <test-method is-config="true" signature="createEmployee()[pri:0, instance:com.employeeapi.testCases.TC003_Post_Employee_Record@71c8becc]" started-at="2020-10-14T00:32:59Z" name="createEmployee" finished-at="2020-10-14T00:33:05Z" duration-ms="5591" status="PASS">
          <reporter-output>
          </reporter-output>
        </test-method> <!-- createEmployee -->
        <test-method signature="checkContentType()[pri:0, instance:com.employeeapi.testCases.TC003_Post_Employee_Record@71c8becc]" started-at="2020-10-14T00:33:05Z" name="checkContentType" finished-at="2020-10-14T00:33:05Z" duration-ms="1" status="PASS">
          <reporter-output>
          </reporter-output>
        </test-method> <!-- checkContentType -->
        <test-method signature="checkResposeBody()[pri:0, instance:com.employeeapi.testCases.TC003_Post_Employee_Record@71c8becc]" started-at="2020-10-14T00:33:05Z" name="checkResposeBody" finished-at="2020-10-14T00:33:05Z" duration-ms="1" status="PASS">
          <reporter-output>
          </reporter-output>
        </test-method> <!-- checkResposeBody -->
        <test-method signature="checkStatusCode()[pri:0, instance:com.employeeapi.testCases.TC003_Post_Employee_Record@71c8becc]" started-at="2020-10-14T00:33:05Z" name="checkStatusCode" finished-at="2020-10-14T00:33:05Z" duration-ms="1" status="PASS">
          <reporter-output>
          </reporter-output>
        </test-method> <!-- checkStatusCode -->
        <test-method signature="checkserverType()[pri:0, instance:com.employeeapi.testCases.TC003_Post_Employee_Record@71c8becc]" started-at="2020-10-14T00:33:05Z" name="checkserverType" finished-at="2020-10-14T00:33:05Z" duration-ms="1" status="PASS">
          <reporter-output>
          </reporter-output>
        </test-method> <!-- checkserverType -->
        <test-method signature="checkstatusLine()[pri:0, instance:com.employeeapi.testCases.TC003_Post_Employee_Record@71c8becc]" started-at="2020-10-14T00:33:05Z" name="checkstatusLine" finished-at="2020-10-14T00:33:05Z" duration-ms="0" status="PASS">
          <reporter-output>
          </reporter-output>
        </test-method> <!-- checkstatusLine -->
        <test-method is-config="true" signature="tearDown()[pri:0, instance:com.employeeapi.testCases.TC003_Post_Employee_Record@71c8becc]" started-at="2020-10-14T00:33:05Z" name="tearDown" finished-at="2020-10-14T00:33:05Z" duration-ms="0" status="PASS">
          <reporter-output>
          </reporter-output>
        </test-method> <!-- tearDown -->
      </class> <!-- com.employeeapi.testCases.TC003_Post_Employee_Record -->
      <class name="com.employeeapi.testCases.TC005_Delete_Employee_Record">
        <test-method is-config="true" signature="setup()[pri:0, instance:com.employeeapi.testCases.TC005_Delete_Employee_Record@1a0dcaa]" started-at="2020-10-14T00:33:10Z" name="setup" finished-at="2020-10-14T00:33:10Z" duration-ms="3" status="PASS">
          <reporter-output>
          </reporter-output>
        </test-method> <!-- setup -->
        <test-method is-config="true" signature="deleteEmployee()[pri:0, instance:com.employeeapi.testCases.TC005_Delete_Employee_Record@1a0dcaa]" started-at="2020-10-14T00:33:10Z" name="deleteEmployee" finished-at="2020-10-14T00:33:14Z" duration-ms="4272" status="PASS">
          <reporter-output>
          </reporter-output>
        </test-method> <!-- deleteEmployee -->
        <test-method signature="checkContentType()[pri:0, instance:com.employeeapi.testCases.TC005_Delete_Employee_Record@1a0dcaa]" started-at="2020-10-14T00:33:14Z" name="checkContentType" finished-at="2020-10-14T00:33:14Z" duration-ms="0" status="PASS">
          <reporter-output>
          </reporter-output>
        </test-method> <!-- checkContentType -->
        <test-method signature="checkResposeBody()[pri:0, instance:com.employeeapi.testCases.TC005_Delete_Employee_Record@1a0dcaa]" started-at="2020-10-14T00:33:14Z" name="checkResposeBody" finished-at="2020-10-14T00:33:14Z" duration-ms="0" status="PASS">
          <reporter-output>
          </reporter-output>
        </test-method> <!-- checkResposeBody -->
        <test-method signature="checkStatusCode()[pri:0, instance:com.employeeapi.testCases.TC005_Delete_Employee_Record@1a0dcaa]" started-at="2020-10-14T00:33:14Z" name="checkStatusCode" finished-at="2020-10-14T00:33:14Z" duration-ms="1" status="PASS">
          <reporter-output>
          </reporter-output>
        </test-method> <!-- checkStatusCode -->
        <test-method signature="checkserverType()[pri:0, instance:com.employeeapi.testCases.TC005_Delete_Employee_Record@1a0dcaa]" started-at="2020-10-14T00:33:14Z" name="checkserverType" finished-at="2020-10-14T00:33:14Z" duration-ms="1" status="PASS">
          <reporter-output>
          </reporter-output>
        </test-method> <!-- checkserverType -->
        <test-method signature="checkstatusLine()[pri:0, instance:com.employeeapi.testCases.TC005_Delete_Employee_Record@1a0dcaa]" started-at="2020-10-14T00:33:14Z" name="checkstatusLine" finished-at="2020-10-14T00:33:14Z" duration-ms="1" status="PASS">
          <reporter-output>
          </reporter-output>
        </test-method> <!-- checkstatusLine -->
        <test-method is-config="true" signature="tearDown()[pri:0, instance:com.employeeapi.testCases.TC005_Delete_Employee_Record@1a0dcaa]" started-at="2020-10-14T00:33:14Z" name="tearDown" finished-at="2020-10-14T00:33:14Z" duration-ms="2" status="PASS">
          <reporter-output>
          </reporter-output>
        </test-method> <!-- tearDown -->
      </class> <!-- com.employeeapi.testCases.TC005_Delete_Employee_Record -->
      <class name="com.employeeapi.testCases.TC001_Get_All_Employees">
        <test-method is-config="true" signature="setup()[pri:0, instance:com.employeeapi.testCases.TC001_Get_All_Employees@3745e5c6]" started-at="2020-10-14T00:32:52Z" name="setup" finished-at="2020-10-14T00:32:52Z" duration-ms="52" status="PASS">
          <reporter-output>
          </reporter-output>
        </test-method> <!-- setup -->
        <test-method is-config="true" signature="getAllEmployees()[pri:0, instance:com.employeeapi.testCases.TC001_Get_All_Employees@3745e5c6]" started-at="2020-10-14T00:32:52Z" name="getAllEmployees" finished-at="2020-10-14T00:32:53Z" duration-ms="1514" status="PASS">
          <reporter-output>
          </reporter-output>
        </test-method> <!-- getAllEmployees -->
        <test-method signature="checkContentType()[pri:0, instance:com.employeeapi.testCases.TC001_Get_All_Employees@3745e5c6]" started-at="2020-10-14T00:32:53Z" name="checkContentType" finished-at="2020-10-14T00:32:53Z" duration-ms="9" status="PASS">
          <reporter-output>
          </reporter-output>
        </test-method> <!-- checkContentType -->
        <test-method signature="checkResponse()[pri:0, instance:com.employeeapi.testCases.TC001_Get_All_Employees@3745e5c6]" started-at="2020-10-14T00:32:53Z" name="checkResponse" finished-at="2020-10-14T00:32:53Z" duration-ms="36" status="PASS">
          <reporter-output>
          </reporter-output>
        </test-method> <!-- checkResponse -->
        <test-method signature="checkStatusCode()[pri:0, instance:com.employeeapi.testCases.TC001_Get_All_Employees@3745e5c6]" started-at="2020-10-14T00:32:53Z" name="checkStatusCode" finished-at="2020-10-14T00:32:53Z" duration-ms="3" status="PASS">
          <reporter-output>
          </reporter-output>
        </test-method> <!-- checkStatusCode -->
        <test-method is-config="true" signature="tearDown()[pri:0, instance:com.employeeapi.testCases.TC001_Get_All_Employees@3745e5c6]" started-at="2020-10-14T00:32:53Z" name="tearDown" finished-at="2020-10-14T00:32:53Z" duration-ms="1" status="PASS">
          <reporter-output>
          </reporter-output>
        </test-method> <!-- tearDown -->
      </class> <!-- com.employeeapi.testCases.TC001_Get_All_Employees -->
      <class name="com.employeeapi.testCases.TC004_Put_Employee_Record">
        <test-method is-config="true" signature="setup()[pri:0, instance:com.employeeapi.testCases.TC004_Put_Employee_Record@19d37183]" started-at="2020-10-14T00:33:05Z" name="setup" finished-at="2020-10-14T00:33:05Z" duration-ms="2" status="PASS">
          <reporter-output>
          </reporter-output>
        </test-method> <!-- setup -->
        <test-method is-config="true" signature="updateEmployee()[pri:0, instance:com.employeeapi.testCases.TC004_Put_Employee_Record@19d37183]" started-at="2020-10-14T00:33:05Z" name="updateEmployee" finished-at="2020-10-14T00:33:10Z" duration-ms="5534" status="PASS">
          <reporter-output>
          </reporter-output>
        </test-method> <!-- updateEmployee -->
        <test-method signature="checkContentType()[pri:0, instance:com.employeeapi.testCases.TC004_Put_Employee_Record@19d37183]" started-at="2020-10-14T00:33:10Z" name="checkContentType" finished-at="2020-10-14T00:33:10Z" duration-ms="1" status="PASS">
          <reporter-output>
          </reporter-output>
        </test-method> <!-- checkContentType -->
        <test-method signature="checkResposeBody()[pri:0, instance:com.employeeapi.testCases.TC004_Put_Employee_Record@19d37183]" started-at="2020-10-14T00:33:10Z" name="checkResposeBody" finished-at="2020-10-14T00:33:10Z" duration-ms="1" status="PASS">
          <reporter-output>
          </reporter-output>
        </test-method> <!-- checkResposeBody -->
        <test-method signature="checkStatusCode()[pri:0, instance:com.employeeapi.testCases.TC004_Put_Employee_Record@19d37183]" started-at="2020-10-14T00:33:10Z" name="checkStatusCode" finished-at="2020-10-14T00:33:10Z" duration-ms="1" status="PASS">
          <reporter-output>
          </reporter-output>
        </test-method> <!-- checkStatusCode -->
        <test-method signature="checkserverType()[pri:0, instance:com.employeeapi.testCases.TC004_Put_Employee_Record@19d37183]" started-at="2020-10-14T00:33:10Z" name="checkserverType" finished-at="2020-10-14T00:33:10Z" duration-ms="1" status="PASS">
          <reporter-output>
          </reporter-output>
        </test-method> <!-- checkserverType -->
        <test-method signature="checkstatusLine()[pri:0, instance:com.employeeapi.testCases.TC004_Put_Employee_Record@19d37183]" started-at="2020-10-14T00:33:10Z" name="checkstatusLine" finished-at="2020-10-14T00:33:10Z" duration-ms="1" status="PASS">
          <reporter-output>
          </reporter-output>
        </test-method> <!-- checkstatusLine -->
        <test-method is-config="true" signature="tearDown()[pri:0, instance:com.employeeapi.testCases.TC004_Put_Employee_Record@19d37183]" started-at="2020-10-14T00:33:10Z" name="tearDown" finished-at="2020-10-14T00:33:10Z" duration-ms="3" status="PASS">
          <reporter-output>
          </reporter-output>
        </test-method> <!-- tearDown -->
      </class> <!-- com.employeeapi.testCases.TC004_Put_Employee_Record -->
      <class name="com.employeeapi.testCases.TC002_Get_Single_Employee_Record">
        <test-method is-config="true" signature="setup()[pri:0, instance:com.employeeapi.testCases.TC002_Get_Single_Employee_Record@5e4c8041]" started-at="2020-10-14T00:32:53Z" name="setup" finished-at="2020-10-14T00:32:53Z" duration-ms="2" status="PASS">
          <reporter-output>
          </reporter-output>
        </test-method> <!-- setup -->
        <test-method is-config="true" signature="getEmployeeData()[pri:0, instance:com.employeeapi.testCases.TC002_Get_Single_Employee_Record@5e4c8041]" started-at="2020-10-14T00:32:53Z" name="getEmployeeData" finished-at="2020-10-14T00:32:59Z" duration-ms="5597" status="PASS">
          <reporter-output>
          </reporter-output>
        </test-method> <!-- getEmployeeData -->
        <test-method signature="checkContentLenght()[pri:0, instance:com.employeeapi.testCases.TC002_Get_Single_Employee_Record@5e4c8041]" started-at="2020-10-14T00:32:59Z" name="checkContentLenght" finished-at="2020-10-14T00:32:59Z" duration-ms="4" status="PASS">
          <reporter-output>
          </reporter-output>
        </test-method> <!-- checkContentLenght -->
        <test-method signature="checkContentType()[pri:0, instance:com.employeeapi.testCases.TC002_Get_Single_Employee_Record@5e4c8041]" started-at="2020-10-14T00:32:59Z" name="checkContentType" finished-at="2020-10-14T00:32:59Z" duration-ms="1" status="PASS">
          <reporter-output>
          </reporter-output>
        </test-method> <!-- checkContentType -->
        <test-method signature="checkResponseTime()[pri:0, instance:com.employeeapi.testCases.TC002_Get_Single_Employee_Record@5e4c8041]" started-at="2020-10-14T00:32:59Z" name="checkResponseTime" finished-at="2020-10-14T00:32:59Z" duration-ms="2" status="PASS">
          <reporter-output>
          </reporter-output>
        </test-method> <!-- checkResponseTime -->
        <test-method signature="checkResposeBody()[pri:0, instance:com.employeeapi.testCases.TC002_Get_Single_Employee_Record@5e4c8041]" started-at="2020-10-14T00:32:59Z" name="checkResposeBody" finished-at="2020-10-14T00:32:59Z" duration-ms="2" status="PASS">
          <reporter-output>
          </reporter-output>
        </test-method> <!-- checkResposeBody -->
        <test-method signature="checkStatusCode()[pri:0, instance:com.employeeapi.testCases.TC002_Get_Single_Employee_Record@5e4c8041]" started-at="2020-10-14T00:32:59Z" name="checkStatusCode" finished-at="2020-10-14T00:32:59Z" duration-ms="2" status="PASS">
          <reporter-output>
          </reporter-output>
        </test-method> <!-- checkStatusCode -->
        <test-method signature="checkserverType()[pri:0, instance:com.employeeapi.testCases.TC002_Get_Single_Employee_Record@5e4c8041]" started-at="2020-10-14T00:32:59Z" name="checkserverType" finished-at="2020-10-14T00:32:59Z" duration-ms="1" status="PASS">
          <reporter-output>
          </reporter-output>
        </test-method> <!-- checkserverType -->
        <test-method signature="checkstatusLine()[pri:0, instance:com.employeeapi.testCases.TC002_Get_Single_Employee_Record@5e4c8041]" started-at="2020-10-14T00:32:59Z" name="checkstatusLine" finished-at="2020-10-14T00:32:59Z" duration-ms="1" status="PASS">
          <reporter-output>
          </reporter-output>
        </test-method> <!-- checkstatusLine -->
        <test-method is-config="true" signature="tearDown()[pri:0, instance:com.employeeapi.testCases.TC002_Get_Single_Employee_Record@5e4c8041]" started-at="2020-10-14T00:32:59Z" name="tearDown" finished-at="2020-10-14T00:32:59Z" duration-ms="1" status="PASS">
          <reporter-output>
          </reporter-output>
        </test-method> <!-- tearDown -->
      </class> <!-- com.employeeapi.testCases.TC002_Get_Single_Employee_Record -->
    </test> <!-- EmployeesRestAPITest -->
  </suite> <!-- EmployeesRestAPISuite -->
</testng-results>
